<?xml version="1.0" encoding="utf-8"?><testsuites name="pytest tests"><testsuite name="pytest" errors="0" failures="0" skipped="4" tests="14" time="0.675" timestamp="2026-03-01T16:27:49.038880+00:00" hostname="agent-env-1f696c63-1ba8-4a49-8022-69e285641b62"><testcase classname="backend.tests.test_email_api.TestSendEmailAPI" name="test_api_endpoint_exists" time="0.117" /><testcase classname="backend.tests.test_email_api.TestSendEmailAPI" name="test_admin_new_order_alert_payload" time="0.130"><skipped type="pytest.skip" message="Vercel serverless function not available in preview env">/app/backend/tests/test_email_api.py:67: Vercel serverless function not available in preview env</skipped></testcase><testcase classname="backend.tests.test_email_api.TestSendEmailAPI" name="test_admin_new_user_alert_payload" time="0.117"><skipped type="pytest.skip" message="Vercel serverless function not available in preview env">/app/backend/tests/test_email_api.py:100: Vercel serverless function not available in preview env</skipped></testcase><testcase classname="backend.tests.test_email_api.TestSendEmailAPI" name="test_order_cancellation_email_payload" time="0.119"><skipped type="pytest.skip" message="Vercel serverless function not available in preview env">/app/backend/tests/test_email_api.py:130: Vercel serverless function not available in preview env</skipped></testcase><testcase classname="backend.tests.test_email_api.TestSendEmailAPI" name="test_missing_required_fields" time="0.112"><skipped type="pytest.skip" message="Vercel serverless function not available in preview env">/app/backend/tests/test_email_api.py:150: Vercel serverless function not available in preview env</skipped></testcase><testcase classname="backend.tests.test_email_api.TestFrontendIntegration" name="test_signup_admin_alert_integration" time="0.000" /><testcase classname="backend.tests.test_email_api.TestFrontendIntegration" name="test_useorders_admin_alert_integration" time="0.000" /><testcase classname="backend.tests.test_email_api.TestFrontendIntegration" name="test_admin_dashboard_order_modal" time="0.001" /><testcase classname="backend.tests.test_email_api.TestFrontendIntegration" name="test_orders_table_has_actions_column" time="0.000" /><testcase classname="backend.tests.test_email_api.TestEmailAPIStructure" name="test_api_file_exists" time="0.000" /><testcase classname="backend.tests.test_email_api.TestEmailAPIStructure" name="test_api_handles_admin_alert_types" time="0.000" /><testcase classname="backend.tests.test_email_api.TestEmailAPIStructure" name="test_api_has_cors_headers" time="0.000" /><testcase classname="backend.tests.test_email_api.TestEmailAPIStructure" name="test_api_uses_resend" time="0.000" /><testcase classname="backend.tests.test_email_api.TestEmailAPIStructure" name="test_admin_email_configured" time="0.000" /></testsuite></testsuites>